3) Leer el Kelton para la clase que viene 3) Leer el Kelton para la clase que viene 3) Leer el Kelton para la clase que viene 3) Leer el Kelton para la clase que viene 3) Leer el Kelton para la clase que viene 3) Leer el Kelton para la clase que viene
3) Leer el Kelton para la clase que viene 3) Leer el Kelton para la clase que viene 3) Leer el Kelton para la clase que viene 3) Leer el Kelton para la clase que viene
3) Leer el Kelton para la clase que viene 3) Leer el Kelton para la clase que viene
 3) Leer el Kelton para la clase que viene 3) Leer el Kelton para la clase que viene

 3) Leer el Kelton para la clase que viene 3) Leer el Kelton para la clase que viene 3) Leer el Kelton para la clase que viene 3) Leer el Kelton para la clase que viene
 3) Leer el Kelton para la clase que viene 3) Leer el Kelton para la clase que viene
 3) Leer el Kelton para la clase que viene 3) Leer el Kelton para la clase que viene
 3) Leer el Kelton para la clase que viene 3) Leer el Kelton para la clase que viene
 3) Leer el Kelton para la clase que viene 3) Leer el Kelton para la clase que viene
 3) Leer el Kelton para la clase que viene 3) Leer el Kelton para la clase que viene
 3) Leer el Kelton para la clase que viene 3) Leer el Kelton para la clase que viene
 3) Leer el Kelton para la clase que viene 3) Leer el Kelton para la clase que viene
 3) Leer el Kelton para la clase que viene 3) Leer el Kelton para la clase que viene
 3) Leer el Kelton para la clase que viene 3) Leer el Kelton para la clase que viene
 3) Leer el Kelton para la clase que viene 3) Leer el Kelton para la clase que viene
 3) Leer el Kelton para la clase que viene 3) Leer el Kelton para la clase que viene
 3) Leer el Kelton para la clase que viene 3) Leer el Kelton para la clase que viene
 3) Leer el Kelton para la clase que viene 3) Leer el Kelton para la clase que viene
 3) Leer el Kelton para la clase que viene 3) Leer el Kelton para la clase que viene
 3) Leer el Kelton para la clase que viene 3) Leer el Kelton para la clase que viene
 3) Leer el Kelton para la clase que viene 3) Leer el Kelton para la clase que viene
 3) Leer el Kelton para la clase que viene 3) Leer el Kelton para la clase que viene
 3) Leer el Kelton para la clase que viene 3) Leer el Kelton para la clase que viene
 3) Leer el Kelton para la clase que viene 3) Leer el Kelton para la clase que viene3) Leer el Kelton para la clase que viene 3) Leer el Kelton para la clase que viene3) Leer el Kelton para la clase que viene 3) Leer el Kelton para la clase que viene3) Leer el Kelton para la clase que viene 3) Leer el Kelton para la clase que viene
 3) Leer el Kelton para la clase que viene 3) Leer el Kelton para la clase que viene
 3) Leer el Kelton para la clase que viene 3) Leer el Kelton para la clase que viene
 3) Leer el Kelton para la clase que viene 3) Leer el Kelton para la clase que viene
 3) Leer el Kelton para la clase que viene 3) Leer el Kelton para la clase que viene
 3) Leer el Kelton para la clase que viene 3) Leer el Kelton para la clase que viene
 3) Leer el Kelton para la clase que viene 3) Leer el Kelton para la clase que viene
 3) Leer el Kelton para la clase que viene 3) Leer el Kelton para la clase que viene
 3) Leer el Kelton para la clase que viene 3) Leer el Kelton para la clase que viene
 3) Leer el Kelton para la clase que viene 3) Leer el Kelton para la clase que viene
 3) Leer el Kelton para la clase que viene 3) Leer el Kelton para la clase que viene
 3) Leer el Kelton para la clase que viene 3) Leer el Kelton para la clase que viene



